2023-01-26 05:03:18 error [www]: GET /socket.io createError is not defined
2023-01-26 05:03:18 error [www]: GET /favicon.ico 登录过期
2023-01-26 05:04:37 error [www]: GET /socket.io createError is not defined
2023-01-26 05:04:37 error [www]: GET /favicon.ico 登录过期
2023-01-26 05:15:42 error [www]: GET / 登录过期
2023-01-26 05:36:40 error [www]: GET / 登录过期
2023-01-26 05:36:50 error [www]: GET /io 登录过期
2023-01-26 05:37:28 error [www]: GET /.io 登录过期
2023-01-26 05:37:32 error [www]: GET /.=io 登录过期
2023-01-26 05:37:37 error [www]: GET /io 登录过期
2023-01-26 05:37:51 error [www]: GET /io createError is not defined
2023-01-26 05:38:00 error [www]: GET /socket.io createError is not defined
2023-01-26 05:39:26 error [www]: GET /socket.io createError is not defined
2023-01-26 05:39:27 error [www]: GET /socket.io createError is not defined
2023-01-26 05:40:02 error [www]: GET /socket.io createError is not defined
2023-01-26 05:41:21 error [www]: GET /io/?EIO=4&transport=polling&t=ONgu2PA createError is not defined
2023-01-26 05:41:27 error [www]: GET /io?EIO=4&transport=polling&t=ONgu2PA createError is not defined
2023-01-26 05:41:39 error [www]: GET /io?EIO=4&transport=polling&t=ONgu2PA createError is not defined
2023-01-26 05:41:47 error [www]: GET /io?EIO=4&transport=polling&t=ONgu2PA createError is not defined
2023-01-26 05:41:53 error [www]: GET /io?EIO=4&transport=polling&t=ONgu2PA createError is not defined
2023-01-26 05:42:21 error [www]: GET /io?EIO=4&transport=polling&t=ONgu2PA createError is not defined
2023-01-26 05:42:24 error [www]: GET /io?EIO=4&transport=polling&t=ONgu2PA createError is not defined
2023-01-26 05:50:28 error [www]: GET /io?EIO=4&transport=polling&t=ONgu2PA createError is not defined
2023-01-26 05:52:15 error [www]: GET /io?EIO=4&transport=polling&t=ONgu2PA createError is not defined
2023-01-26 05:52:16 error [www]: GET /io?EIO=4&transport=polling&t=ONgu2PA createError is not defined
2023-01-26 05:52:17 error [www]: GET /io?EIO=4&transport=polling&t=ONgu2PA createError is not defined
2023-01-26 05:52:18 error [www]: GET /io?EIO=4&transport=polling&t=ONgu2PA createError is not defined
2023-01-26 05:52:18 error [www]: GET /io?EIO=4&transport=polling&t=ONgu2PA createError is not defined
2023-01-26 05:52:19 error [www]: GET /io?EIO=4&transport=polling&t=ONgu2PA createError is not defined
2023-01-26 05:52:19 error [www]: GET /io?EIO=4&transport=polling&t=ONgu2PA createError is not defined
2023-01-26 05:52:20 error [www]: GET /io?EIO=4&transport=polling&t=ONgu2PA createError is not defined
2023-01-26 05:52:20 error [www]: GET /io?EIO=4&transport=polling&t=ONgu2PA createError is not defined
2023-01-26 06:24:12 error [www]: GET /.io/?EIO=4&transport=polling&t=ONh218D createError is not defined
2023-01-26 06:24:14 error [www]: GET /.io/?EIO=4&transport=polling&t=ONh21bc createError is not defined
2023-01-26 06:24:17 error [www]: GET /.io/?EIO=4&transport=polling&t=ONh22G7 createError is not defined
2023-01-26 06:24:21 error [www]: GET /.io/?EIO=4&transport=polling&t=ONh23FZ createError is not defined
2023-01-26 06:24:24 error [www]: GET /.io/?EIO=4&transport=polling&t=ONh23dY createError is not defined
2023-01-26 06:24:25 error [www]: GET /.io/?EIO=4&transport=polling&t=ONh24DB createError is not defined
2023-01-26 06:24:29 error [www]: GET /.io/?EIO=4&transport=polling&t=ONh25GF createError is not defined
2023-01-26 06:24:34 error [www]: GET /.io/?EIO=4&transport=polling&t=ONh26Uc createError is not defined
2023-01-26 06:24:39 error [www]: GET /.io/?EIO=4&transport=polling&t=ONh27ma createError is not defined
2023-01-26 06:24:46 error [www]: GET /.io/?EIO=4&transport=polling&t=ONh29EZ createError is not defined
2023-01-26 06:24:51 error [www]: GET /.io/?EIO=4&transport=polling&t=ONh2ATO createError is not defined
2023-01-26 06:24:56 error [www]: GET /.io/?EIO=4&transport=polling&t=ONh2Bho createError is not defined
2023-01-26 06:25:01 error [www]: GET /.io/?EIO=4&transport=polling&t=ONh2CwG createError is not defined
2023-01-26 06:25:06 error [www]: GET /.io/?EIO=4&transport=polling&t=ONh2E8p createError is not defined
2023-01-26 06:25:11 error [www]: GET /.io/?EIO=4&transport=polling&t=ONh2Fal createError is not defined
2023-01-26 06:25:17 error [www]: GET /.io/?EIO=4&transport=polling&t=ONh2H2W createError is not defined
2023-01-26 06:25:23 error [www]: GET /.io/?EIO=4&transport=polling&t=ONh2IWC createError is not defined
2023-01-26 06:25:29 error [www]: GET /.io/?EIO=4&transport=polling&t=ONh2Jzr createError is not defined
2023-01-26 06:25:35 error [www]: GET /.io/?EIO=4&transport=polling&t=ONh2LRo createError is not defined
2023-01-26 06:25:41 error [www]: GET /.io/?EIO=4&transport=polling&t=ONh2MvY createError is not defined
2023-01-26 06:25:47 error [www]: GET /.io/?EIO=4&transport=polling&t=ONh2ON6 createError is not defined
2023-01-26 06:25:53 error [www]: GET /.io/?EIO=4&transport=polling&t=ONh2Pbl createError is not defined
2023-01-26 06:25:58 error [www]: GET /.io/?EIO=4&transport=polling&t=ONh2Qq8 createError is not defined
2023-01-26 06:26:03 error [www]: GET /.io/?EIO=4&transport=polling&t=ONh2S2Y createError is not defined
2023-01-26 06:26:08 error [www]: GET /.io/?EIO=4&transport=polling&t=ONh2TGw createError is not defined
2023-01-26 06:26:13 error [www]: GET /.io/?EIO=4&transport=polling&t=ONh2UVW createError is not defined
2023-01-26 06:26:18 error [www]: GET /.io/?EIO=4&transport=polling&t=ONh2Vk0 createError is not defined
2023-01-26 06:26:23 error [www]: GET /.io/?EIO=4&transport=polling&t=ONh2X9m createError is not defined
2023-01-26 06:26:29 error [www]: GET /.io/?EIO=4&transport=polling&t=ONh2YdK createError is not defined
2023-01-26 06:26:35 error [www]: GET /.io/?EIO=4&transport=polling&t=ONh2a54 createError is not defined
2023-01-26 06:26:41 error [www]: GET /.io/?EIO=4&transport=polling&t=ONh2bY- createError is not defined
2023-01-26 06:26:48 error [www]: GET /.io/?EIO=4&transport=polling&t=ONh2dBw createError is not defined
2023-01-26 06:26:53 error [www]: GET /.io/?EIO=4&transport=polling&t=ONh2eUR createError is not defined
2023-01-26 06:26:59 error [www]: GET /.io/?EIO=4&transport=polling&t=ONh2fir createError is not defined
2023-01-26 06:27:04 error [www]: GET /.io/?EIO=4&transport=polling&t=ONh2gxI createError is not defined
2023-01-26 06:27:09 error [www]: GET /.io/?EIO=4&transport=polling&t=ONh2i9k createError is not defined
2023-01-26 06:27:14 error [www]: GET /.io/?EIO=4&transport=polling&t=ONh2jcR createError is not defined
2023-01-26 06:27:20 error [www]: GET /.io/?EIO=4&transport=polling&t=ONh2l4M createError is not defined
2023-01-26 06:27:26 error [www]: GET /.io/?EIO=4&transport=polling&t=ONh2mXx createError is not defined
2023-01-26 06:27:31 error [www]: GET /.io/?EIO=4&transport=polling&t=ONh2nmJ createError is not defined
2023-01-26 06:27:37 error [www]: GET /.io/?EIO=4&transport=polling&t=ONh2pDp createError is not defined
2023-01-26 06:27:43 error [www]: GET /.io/?EIO=4&transport=polling&t=ONh2qha createError is not defined
2023-01-26 06:27:49 error [www]: GET /.io/?EIO=4&transport=polling&t=ONh2s9U createError is not defined
2023-01-26 06:27:55 error [www]: GET /.io/?EIO=4&transport=polling&t=ONh2td8 createError is not defined
2023-01-26 06:28:01 error [www]: GET /.io/?EIO=4&transport=polling&t=ONh2v4y createError is not defined
2023-01-26 06:28:07 error [www]: GET /.io/?EIO=4&transport=polling&t=ONh2wYb createError is not defined
2023-01-26 06:28:13 error [www]: GET /.io/?EIO=4&transport=polling&t=ONh2y0V createError is not defined
2023-01-26 06:28:19 error [www]: GET /.io/?EIO=4&transport=polling&t=ONh2zUG createError is not defined
2023-01-26 06:28:25 error [www]: GET /.io/?EIO=4&transport=polling&t=ONh2-rJ createError is not defined
2023-01-26 06:28:27 error [www]: GET /.io/?EIO=4&transport=polling&t=ONh2_GW createError is not defined
2023-01-26 06:28:28 error [www]: GET /.io/?EIO=4&transport=polling&t=ONh2_Yi createError is not defined
2023-01-26 06:28:33 error [www]: GET /.io/?EIO=4&transport=polling&t=ONh30nF createError is not defined
2023-01-26 06:28:37 error [www]: GET /.io/?EIO=4&transport=polling&t=ONh31sk createError is not defined
2023-01-26 06:28:42 error [www]: GET /.io/?EIO=4&transport=polling&t=ONh335B createError is not defined
2023-01-26 06:28:47 error [www]: GET /.io/?EIO=4&transport=polling&t=ONh34JZ createError is not defined
2023-01-26 06:28:52 error [www]: GET /.io/?EIO=4&transport=polling&t=ONh35Xw createError is not defined
2023-01-26 06:28:58 error [www]: GET /.io/?EIO=4&transport=polling&t=ONh36_W createError is not defined
2023-01-26 06:29:04 error [www]: GET /.io/?EIO=4&transport=polling&t=ONh38TP createError is not defined
2023-01-26 06:29:10 error [www]: GET /.io/?EIO=4&transport=polling&t=ONh39ww createError is not defined
2023-01-26 06:29:16 error [www]: GET /.io/?EIO=4&transport=polling&t=ONh3BOn createError is not defined
2023-01-26 06:29:22 error [www]: GET /.io/?EIO=4&transport=polling&t=ONh3Cse createError is not defined
2023-01-26 06:29:28 error [www]: GET /.io/?EIO=4&transport=polling&t=ONh3EKB createError is not defined
2023-01-26 06:29:34 error [www]: GET /.io/?EIO=4&transport=polling&t=ONh3Fo2 createError is not defined
2023-01-26 06:29:40 error [www]: GET /.io/?EIO=4&transport=polling&t=ONh3HFi createError is not defined
2023-01-26 06:29:46 error [www]: GET /.io/?EIO=4&transport=polling&t=ONh3Ijd createError is not defined
2023-01-26 06:29:52 error [www]: GET /.io/?EIO=4&transport=polling&t=ONh3KBC createError is not defined
2023-01-26 06:29:58 error [www]: GET /.io/?EIO=4&transport=polling&t=ONh3Le_ createError is not defined
2023-01-26 06:30:04 error [www]: GET /.io/?EIO=4&transport=polling&t=ONh3N6n createError is not defined
2023-01-26 06:30:11 error [www]: GET /.io/?EIO=4&transport=polling&t=ONh3Oak createError is not defined
2023-01-26 06:30:17 error [www]: GET /.io/?EIO=4&transport=polling&t=ONh3Q6n createError is not defined
2023-01-26 06:30:22 error [www]: GET /.io/?EIO=4&transport=polling&t=ONh3RW8 createError is not defined
2023-01-26 06:30:29 error [www]: GET /.io/?EIO=4&transport=polling&t=ONh3Szy createError is not defined
2023-01-26 06:30:34 error [www]: GET /.io/?EIO=4&transport=polling&t=ONh3URY createError is not defined
2023-01-26 06:30:41 error [www]: GET /.io/?EIO=4&transport=polling&t=ONh3VwB createError is not defined
2023-01-26 06:30:43 error [www]: GET /?EIO=4&transport=polling&t=ONh3Wb7 登录过期
2023-01-26 06:30:46 error [www]: GET /?EIO=4&transport=polling&t=ONh3X8o 登录过期
2023-01-26 06:30:48 error [www]: GET /?EIO=4&transport=polling&t=ONh3XsJ 登录过期
2023-01-26 06:30:52 error [www]: GET /?EIO=4&transport=polling&t=ONh3Yqp 登录过期
2023-01-26 06:36:59 error [www]: GET /?EIO=4&transport=polling&t=ONh4yIy 登录过期
2023-01-26 06:37:00 error [www]: GET /?EIO=4&transport=polling&t=ONh4yfh 登录过期
2023-01-26 06:37:02 error [www]: GET /?EIO=4&transport=polling&t=ONh4y_F 登录过期
2023-01-26 06:37:05 error [www]: GET /?EIO=4&transport=polling&t=ONh4zsS 登录过期
2023-01-26 06:37:10 error [www]: GET /?EIO=4&transport=polling&t=ONh4_50 登录过期
2023-01-26 06:37:15 error [www]: GET /?EIO=4&transport=polling&t=ONh50Jd 登录过期
2023-01-26 06:37:20 error [www]: GET /?EIO=4&transport=polling&t=ONh51X- 登录过期
2023-01-26 06:37:25 error [www]: GET /?EIO=4&transport=polling&t=ONh52mL 登录过期
2023-01-26 06:37:30 error [www]: GET /?EIO=4&transport=polling&t=ONh53_X 登录过期
2023-01-26 06:37:36 error [www]: GET /?EIO=4&transport=polling&t=ONh55TD 登录过期
2023-01-26 06:37:42 error [www]: GET /?EIO=4&transport=polling&t=ONh56x5 登录过期
2023-01-26 06:37:46 error [www]: GET / 登录过期
2023-01-26 06:37:47 error [www]: GET / 登录过期
2023-01-26 06:37:48 error [www]: GET /?EIO=4&transport=polling&t=ONh58Om 登录过期
2023-01-26 06:37:54 error [www]: GET /?EIO=4&transport=polling&t=ONh59sX 登录过期
2023-01-26 06:38:14 error [www]: GET /?EIO=4&transport=polling&t=ONh5Ehv 登录过期
2023-01-26 06:38:19 error [www]: GET /?EIO=4&transport=polling&t=ONh5Fwi createError is not defined
2023-01-26 06:38:21 error [www]: GET /?EIO=4&transport=polling&t=ONh5GIs createError is not defined
2023-01-26 06:38:23 error [www]: GET /?EIO=4&transport=polling&t=ONh5GmM createError is not defined
2023-01-26 06:38:25 error [www]: GET /?EIO=4&transport=polling&t=ONh5HL6 createError is not defined
2023-01-26 06:38:28 error [www]: GET /?EIO=4&transport=polling&t=ONh5H-G createError is not defined
2023-01-26 06:38:33 error [www]: GET /?EIO=4&transport=polling&t=ONh5JCs createError is not defined
2023-01-26 06:38:38 error [www]: GET /?EIO=4&transport=polling&t=ONh5KRN createError is not defined
2023-01-26 06:38:43 error [www]: GET /?EIO=4&transport=polling&t=ONh5Lfq createError is not defined
2023-01-26 06:41:37 error [www]: GET /.io/?EIO=4&transport=polling&t=ONh609R createError is not defined
2023-01-26 06:41:38 error [www]: GET /.io/?EIO=4&transport=polling&t=ONh60YX createError is not defined
2023-01-26 06:41:42 error [www]: GET /.io/?EIO=4&transport=polling&t=ONh61HO createError is not defined
2023-01-26 06:41:43 error [www]: GET /.io/?EIO=4&transport=polling&t=ONh61jb createError is not defined
2023-01-26 06:41:45 error [www]: GET /.io/?EIO=4&transport=polling&t=ONh62G6 createError is not defined
2023-01-26 06:41:48 error [www]: GET /.io/?EIO=4&transport=polling&t=ONh62-w createError is not defined
2023-01-26 06:41:51 error [www]: GET /.io/?EIO=4&transport=polling&t=ONh63jb createError is not defined
2023-01-26 06:41:58 error [www]: GET /.io/?EIO=4&transport=polling&t=ONh65Bc createError is not defined
2023-01-26 06:42:03 error [www]: GET /.io/?EIO=4&transport=polling&t=ONh66dZ createError is not defined
2023-01-26 06:42:09 error [www]: GET /.io/?EIO=4&transport=polling&t=ONh686- createError is not defined
2023-01-26 06:42:15 error [www]: GET /.io/?EIO=4&transport=polling&t=ONh69ae createError is not defined
